Using pre-set license
Built from '2020.3/staging' branch; Version is '2020.3.37f1 (8c66806a0c04) revision 9201280'; Using compiler version '192528614'; Build Type 'Release'
OS: 'Windows 7  (6.1.0) 64bit Ultimate' Language: 'ru' Physical Memory: 7656 MB
BatchMode: 1, IsHumanControllingUs: 0, StartBugReporterOnCrash: 0, Is64bit: 1, IsPro: 0

COMMAND LINE ARGUMENTS:
C:\Program Files\Unity\Hub\Editor\2020.3.37f1\Editor\Unity.exe
-adb2
-batchMode
-noUpm
-name
AssetImportWorker0
-projectPath
E:/Unity Project/TechDesignTestProject
-logFile
Logs/AssetImportWorker0.log
-srvPort
64726
Successfully changed project path to: E:/Unity Project/TechDesignTestProject
E:/Unity Project/TechDesignTestProject
Using Asset Import Pipeline V2.
Refreshing native plugins compatible for Editor in 267.40 ms, found 3 plugins.
Preloading 0 native plugins for Editor in 0.00 ms.
Initialize engine version: 2020.3.37f1 (8c66806a0c04)
[Subsystems] Discovering subsystems at path C:/Program Files/Unity/Hub/Editor/2020.3.37f1/Editor/Data/Resources/UnitySubsystems
[Subsystems] Discovering subsystems at path E:/Unity Project/TechDesignTestProject/Assets
GfxDevice: creating device client; threaded=0
d3d11: CreateDXGIFactory2(...) not found, fallbacking to CreateDXGIFactory1(...).
d3d11: QueryInterface(IDXGIFactory5) failed (80004002).
Direct3D:
    Version:  Direct3D 11.0 [level 11.0]
    Renderer: AMD Radeon HD 7640G + HD 7600M Dual Graphics (ID=0x9903)
    Vendor:   
    VRAM:     2507 MB
    Driver:   15.200.1062.1004
Shader 'Custom/RainShader': fallback shader 'Particles/Alpha Blended' not found
Initialize mono
Mono path[0] = 'C:/Program Files/Unity/Hub/Editor/2020.3.37f1/Editor/Data/Managed'
Mono path[1] = 'C:/Program Files/Unity/Hub/Editor/2020.3.37f1/Editor/Data/MonoBleedingEdge/lib/mono/unityjit'
Mono config path = 'C:/Program Files/Unity/Hub/Editor/2020.3.37f1/Editor/Data/MonoBleedingEdge/etc'
Using monoOptions --debugger-agent=transport=dt_socket,embedding=1,server=y,suspend=n,address=127.0.0.1:56376
Begin MonoManager ReloadAssembly
Registering precompiled unity dll's ...
Register platform support module: C:/Program Files/Unity/Hub/Editor/2020.3.37f1/Editor/Data/PlaybackEngines/WindowsStandaloneSupport/UnityEditor.WindowsStandalone.Extensions.dll
Registered in 0.003272 seconds.
Native extension for WindowsStandalone target not found
Refreshing native plugins compatible for Editor in 289.89 ms, found 3 plugins.
Preloading 0 native plugins for Editor in 0.00 ms.
Mono: successfully reloaded assembly
- Completed reload, in  1.755 seconds
Domain Reload Profiling:
	ReloadAssembly (1755ms)
		BeginReloadAssembly (154ms)
			ExecutionOrderSort (0ms)
			DisableScriptedObjects (0ms)
			BackupInstance (0ms)
			ReleaseScriptingObjects (0ms)
			CreateAndSetChildDomain (1ms)
		EndReloadAssembly (1416ms)
			LoadAssemblies (150ms)
			RebuildTransferFunctionScriptingTraits (0ms)
			SetupTypeCache (439ms)
			ReleaseScriptCaches (0ms)
			RebuildScriptCaches (87ms)
			SetupLoadedEditorAssemblies (642ms)
				LogAssemblyErrors (0ms)
				InitializePlatformSupportModulesInManaged (10ms)
				SetLoadedEditorAssemblies (0ms)
				RefreshPlugins (290ms)
				BeforeProcessingInitializeOnLoad (24ms)
				ProcessInitializeOnLoadAttributes (243ms)
				ProcessInitializeOnLoadMethodAttributes (74ms)
				AfterProcessingInitializeOnLoad (0ms)
				EditorAssembliesLoaded (1ms)
			ExecutionOrderSort2 (0ms)
			AwakeInstancesAfterBackupRestoration (0ms)
Platform modules already initialized, skipping
Registering precompiled user dll's ...
Registered in 0.010915 seconds.
Begin MonoManager ReloadAssembly
Native extension for WindowsStandalone target not found
Refreshing native plugins compatible for Editor in 290.85 ms, found 3 plugins.
Preloading 0 native plugins for Editor in 0.00 ms.
Mono: successfully reloaded assembly
- Completed reload, in  9.616 seconds
Domain Reload Profiling:
	ReloadAssembly (9618ms)
		BeginReloadAssembly (430ms)
			ExecutionOrderSort (0ms)
			DisableScriptedObjects (13ms)
			BackupInstance (0ms)
			ReleaseScriptingObjects (0ms)
			CreateAndSetChildDomain (47ms)
		EndReloadAssembly (9025ms)
			LoadAssemblies (328ms)
			RebuildTransferFunctionScriptingTraits (0ms)
			SetupTypeCache (1154ms)
			ReleaseScriptCaches (1ms)
			RebuildScriptCaches (230ms)
			SetupLoadedEditorAssemblies (7058ms)
				LogAssemblyErrors (0ms)
				InitializePlatformSupportModulesInManaged (8ms)
				SetLoadedEditorAssemblies (1ms)
				RefreshPlugins (291ms)
				BeforeProcessingInitializeOnLoad (288ms)
				ProcessInitializeOnLoadAttributes (6388ms)
				ProcessInitializeOnLoadMethodAttributes (74ms)
				AfterProcessingInitializeOnLoad (9ms)
				EditorAssembliesLoaded (0ms)
			ExecutionOrderSort2 (0ms)
			AwakeInstancesAfterBackupRestoration (4ms)
Platform modules already initialized, skipping
========================================================================
Worker process is ready to serve import requests
Shader 'Custom/RainShader': fallback shader 'Particles/Alpha Blended' not found
Launched and connected shader compiler UnityShaderCompiler.exe after 0.21 seconds
Refreshing native plugins compatible for Editor in 3.29 ms, found 3 plugins.
Preloading 0 native plugins for Editor in 0.00 ms.
Unloading 4611 Unused Serialized files (Serialized files now loaded: 0)
System memory in use before: 200.8 MB.
System memory in use after: 200.9 MB.

Unloading 37 unused Assets to reduce memory usage. Loaded Objects now: 5064.
Total: 29.011862 ms (FindLiveObjects: 3.706663 ms CreateObjectMapping: 1.653825 ms MarkObjects: 22.466753 ms  DeleteObjects: 1.180841 ms)

AssetImportParameters requested are different than current active one (requested -> active):
  custom:framework-win-MediaFoundation: 216162199b28c13a410421893ffa2e32 -> 
  custom:video-decoder-ogg-theora: a1e56fd34408186e4bbccfd4996cb3dc -> 
  custom:container-muxer-webm: aa71ff27fc2769a1b78a27578f13a17b -> 
  custom:container-demuxer-webm: 4f35f7cbe854078d1ac9338744f61a02 -> 
  custom:container-demuxer-ogg: 62fdf1f143b41e24485cea50d1cbac27 -> 
  custom:video-encoder-webm-vp8: eb34c28f22e8b96e1ab97ce403110664 -> 
  custom:video-decoder-webm-vp8: 9c59270c3fd7afecdb556c50c9e8de78 -> 
  custom:audio-decoder-ogg-vorbis: bf7c407c2cedff20999df2af8eb42d56 -> 
  custom:audio-encoder-webm-vorbis: bf7c407c2cedff20999df2af8eb42d56 -> 
========================================================================
Received Import Request.
  path: Assets/Images/UI/buttons/AllSection/Section01/OptionButton.png
  artifactKey: Guid(298f54eda3bf2d945998546d60a1095c) Importer(815301076,1909f56bfc062723c751e8b465ee728b)
Start importing Assets/Images/UI/buttons/AllSection/Section01/OptionButton.png using Guid(298f54eda3bf2d945998546d60a1095c) Importer(815301076,1909f56bfc062723c751e8b465ee728b)  -> (artifact id: 'aca43b5e6deb918141a025c9f7d4c6bb') in 0.636599 seconds 
========================================================================
Received Import Request.
  Time since last request: 0.013042 seconds.
  path: Assets/Images/UI/buttons/AllSection/Section01/SettingButton.png
  artifactKey: Guid(9afe8b723df40a948b3df48c0736b804) Importer(815301076,1909f56bfc062723c751e8b465ee728b)
Start importing Assets/Images/UI/buttons/AllSection/Section01/SettingButton.png using Guid(9afe8b723df40a948b3df48c0736b804) Importer(815301076,1909f56bfc062723c751e8b465ee728b)  -> (artifact id: 'ed4aad5e48e818faa9e775b59bdf9335') in 0.188448 seconds 
========================================================================
Received Import Request.
  Time since last request: 0.000655 seconds.
  path: Assets/Images/UI/buttons/AllSection/Section01/ExitButton.png
  artifactKey: Guid(0ce06714099be154f9ddd1700c6a944a) Importer(815301076,1909f56bfc062723c751e8b465ee728b)
Start importing Assets/Images/UI/buttons/AllSection/Section01/ExitButton.png using Guid(0ce06714099be154f9ddd1700c6a944a) Importer(815301076,1909f56bfc062723c751e8b465ee728b)  -> (artifact id: '49fa70a0369130fefefa9ca1a6a9aa39') in 0.088325 seconds 
========================================================================
Received Import Request.
  Time since last request: 0.001111 seconds.
  path: Assets/Images/UI/buttons/AllSection/Section01/BlankButton.png
  artifactKey: Guid(8d30fc405704e214498ee00bc05c50ad) Importer(815301076,1909f56bfc062723c751e8b465ee728b)
Start importing Assets/Images/UI/buttons/AllSection/Section01/BlankButton.png using Guid(8d30fc405704e214498ee00bc05c50ad) Importer(815301076,1909f56bfc062723c751e8b465ee728b)  -> (artifact id: 'c451a22900b4340a3df5921c4769b3a7') in 0.190974 seconds 
========================================================================
Received Import Request.
  Time since last request: 0.000694 seconds.
  path: Assets/Images/UI/buttons/AllSection/Section01/StartButton.png
  artifactKey: Guid(fddf087ead9010447958b0ccad787990) Importer(815301076,1909f56bfc062723c751e8b465ee728b)
Start importing Assets/Images/UI/buttons/AllSection/Section01/StartButton.png using Guid(fddf087ead9010447958b0ccad787990) Importer(815301076,1909f56bfc062723c751e8b465ee728b)  -> (artifact id: '580f260d9707d00d6ab4eb2990dd8596') in 0.231335 seconds 
========================================================================
Received Import Request.
  Time since last request: 1210.756631 seconds.
  path: Assets/AddressableAssetsData
  artifactKey: Guid(54762705cdb1d3544a321bbc18dec8c9) Importer(815301076,1909f56bfc062723c751e8b465ee728b)
Start importing Assets/AddressableAssetsData using Guid(54762705cdb1d3544a321bbc18dec8c9) Importer(815301076,1909f56bfc062723c751e8b465ee728b)  -> (artifact id: 'd30f2fac944f068a0e44495f3287206c') in 0.035811 seconds 
========================================================================
Received Import Request.
  Time since last request: 0.000635 seconds.
  path: Assets/AddressableAssetsData/ProfileDataSourceSettings.asset
  artifactKey: Guid(d2d1b1c77c7970042b0ac172fa856348) Importer(815301076,1909f56bfc062723c751e8b465ee728b)
Start importing Assets/AddressableAssetsData/ProfileDataSourceSettings.asset using Guid(d2d1b1c77c7970042b0ac172fa856348) Importer(815301076,1909f56bfc062723c751e8b465ee728b)  -> (artifact id: 'a937eb0820e3188d783029587801fd0c') in 0.057889 seconds 
========================================================================
Received Import Request.
  Time since last request: 87.886963 seconds.
  path: Assets/Fonts/PixelifySans-VariableFont_wght SDF.asset
  artifactKey: Guid(7dbea359eafccdd4c802c0acc5a5711b) Importer(815301076,1909f56bfc062723c751e8b465ee728b)
Start importing Assets/Fonts/PixelifySans-VariableFont_wght SDF.asset using Guid(7dbea359eafccdd4c802c0acc5a5711b) Importer(815301076,1909f56bfc062723c751e8b465ee728b)  -> (artifact id: '27fef2283040f96f88545e3afe96e3ac') in 0.693682 seconds 
AssetImportWorkerClient::OnTransportError - code=2 error=End of file
